This is pdfTeX, Version 3.14159265-2.6-1.40.19 (TeX Live 2018/Arch Linux) (preloaded format=pdflatex 2019.4.26)  7 JUN 2019 14:10
entering extended mode
 \write18 enabled.
 %&-line parsing enabled.
**publication.tex
(./publication.tex
LaTeX2e <2018-12-01>
(./svjour3.cls
Document Class: svjour3 2007/05/08 v3.2 
LaTeX document class for Springer journals
(/usr/share/texmf-dist/tex/latex/base/fleqn.clo
File: fleqn.clo 2016/12/29 v1.2b Standard LaTeX option (flush left equations)
\mathindent=\dimen102
Applying: [2015/01/01] Make \[ robust on input line 50.
LaTeX Info: Redefining \[ on input line 51.
Already applied: [0000/00/00] Make \[ robust on input line 62.
Applying: [2015/01/01] Make \] robust on input line 74.
LaTeX Info: Redefining \] on input line 75.
Already applied: [0000/00/00] Make \] robust on input line 83.
)
Class Springer-SVJour3 Info: extra/valid Springer sub-package (-> *.clo) 
(Springer-SVJour3)           not found in option list of \documentclass
(Springer-SVJour3)           - autoactivating "global" style.
 (./svglov3.clo
File: svglov3.clo 2009/12/18 v3.2 style option for standardised journals

SVJour Class option: svglov3.clo for standardised journals
)
LaTeX Font Info:    Redeclaring math symbol \Gamma on input line 147.
LaTeX Font Info:    Redeclaring math symbol \Delta on input line 148.
LaTeX Font Info:    Redeclaring math symbol \Theta on input line 149.
LaTeX Font Info:    Redeclaring math symbol \Lambda on input line 150.
LaTeX Font Info:    Redeclaring math symbol \Xi on input line 151.
LaTeX Font Info:    Redeclaring math symbol \Pi on input line 152.
LaTeX Font Info:    Redeclaring math symbol \Sigma on input line 153.
LaTeX Font Info:    Redeclaring math symbol \Upsilon on input line 154.
LaTeX Font Info:    Redeclaring math symbol \Phi on input line 155.
LaTeX Font Info:    Redeclaring math symbol \Psi on input line 156.
LaTeX Font Info:    Redeclaring math symbol \Omega on input line 157.
\logodepth=\dimen103
\headerboxheight=\dimen104
\betweenumberspace=\dimen105
\aftertext=\dimen106
\headlineindent=\dimen107
\c@inst=\count80
\c@auth=\count81
\instindent=\dimen108
\authrun=\box27
\authorrunning=\toks14
\titrun=\box28
\titlerunning=\toks15
\combirun=\box29
\c@lastpage=\count82
\rubricwidth=\dimen109
\c@section=\count83
\c@subsection=\count84
\c@subsubsection=\count85
\c@paragraph=\count86
\c@subparagraph=\count87
\spthmsep=\dimen110
\c@theorem=\count88
\c@case=\count89
\c@conjecture=\count90
\c@corollary=\count91
\c@definition=\count92
\c@example=\count93
\c@exercise=\count94
\c@lemma=\count95
\c@note=\count96
\c@problem=\count97
\c@property=\count98
\c@proposition=\count99
\c@question=\count100
\c@solution=\count101
\c@remark=\count102
\c@figure=\count103
\c@table=\count104
\abovecaptionskip=\skip41
\belowcaptionskip=\skip42
\figcapgap=\dimen111
\tabcapgap=\dimen112
\figgap=\dimen113
\bibindent=\dimen114
\@tempcntc=\count105
) (/usr/share/texmf-dist/tex/latex/amsmath/amsmath.sty
Package: amsmath 2018/12/01 v2.17b AMS math features
\@mathmargin=\skip43

For additional information on amsmath, use the `?' option.
(/usr/share/texmf-dist/tex/latex/amsmath/amstext.sty
Package: amstext 2000/06/29 v2.01 AMS text

(/usr/share/texmf-dist/tex/latex/amsmath/amsgen.sty
File: amsgen.sty 1999/11/30 v2.0 generic functions
\@emptytoks=\toks16
\ex@=\dimen115
))
(/usr/share/texmf-dist/tex/latex/amsmath/amsbsy.sty
Package: amsbsy 1999/11/29 v1.2d Bold Symbols
\pmbraise@=\dimen116
)
(/usr/share/texmf-dist/tex/latex/amsmath/amsopn.sty
Package: amsopn 2016/03/08 v2.02 operator names
)
\inf@bad=\count106
LaTeX Info: Redefining \frac on input line 223.
\uproot@=\count107
\leftroot@=\count108
LaTeX Info: Redefining \overline on input line 385.
\classnum@=\count109
\DOTSCASE@=\count110
LaTeX Info: Redefining \ldots on input line 482.
LaTeX Info: Redefining \dots on input line 485.
LaTeX Info: Redefining \cdots on input line 606.
\Mathstrutbox@=\box30
\strutbox@=\box31
\big@size=\dimen117
LaTeX Font Info:    Redeclaring font encoding OML on input line 729.
LaTeX Font Info:    Redeclaring font encoding OMS on input line 730.


Package amsmath Warning: Unable to redefine math accent \vec.

\macc@depth=\count111
\c@MaxMatrixCols=\count112
\dotsspace@=\muskip10
\c@parentequation=\count113
\dspbrk@lvl=\count114
\tag@help=\toks17
\row@=\count115
\column@=\count116
\maxfields@=\count117
\andhelp@=\toks18
\eqnshift@=\dimen118
\alignsep@=\dimen119
\tagshift@=\dimen120
\tagwidth@=\dimen121
\totwidth@=\dimen122
\lineht@=\dimen123
\@envbody=\toks19
\multlinegap=\skip44
\multlinetaggap=\skip45
\mathdisplay@stack=\toks20
LaTeX Info: Redefining \[ on input line 2844.
LaTeX Info: Redefining \] on input line 2845.
) (/usr/share/texmf-dist/tex/latex/graphics/graphicx.sty
Package: graphicx 2017/06/01 v1.1a Enhanced LaTeX Graphics (DPC,SPQR)

(/usr/share/texmf-dist/tex/latex/graphics/keyval.sty
Package: keyval 2014/10/28 v1.15 key=value parser (DPC)
\KV@toks@=\toks21
)
(/usr/share/texmf-dist/tex/latex/graphics/graphics.sty
Package: graphics 2017/06/25 v1.2c Standard LaTeX Graphics (DPC,SPQR)

(/usr/share/texmf-dist/tex/latex/graphics/trig.sty
Package: trig 2016/01/03 v1.10 sin cos tan (DPC)
)
(/usr/share/texmf-dist/tex/latex/graphics-cfg/graphics.cfg
File: graphics.cfg 2016/06/04 v1.11 sample graphics configuration
)
Package graphics Info: Driver file: pdftex.def on input line 99.

(/usr/share/texmf-dist/tex/latex/graphics-def/pdftex.def
File: pdftex.def 2018/01/08 v1.0l Graphics/color driver for pdftex
))
\Gin@req@height=\dimen124
\Gin@req@width=\dimen125
)
(/usr/share/texmf-dist/tex/latex/base/inputenc.sty
Package: inputenc 2018/08/11 v1.3c Input encoding file
\inpenc@prehook=\toks22
\inpenc@posthook=\toks23
)
(/usr/share/texmf-dist/tex/latex/eurosym/eurosym.sty
Package: eurosym 1998/08/06 v1.1 European currency symbol ``Euro''
\@eurobox=\box32
)
(/usr/share/texmf-dist/tex/latex/svg/svg.sty
Package: svg 2018/11/12 v2.02b (include SVG pictures)

(/usr/share/texmf-dist/tex/latex/koma-script/scrbase.sty
Package: scrbase 2019/02/01 v3.26b KOMA-Script package (KOMA-Script-independent
 basics and keyval usage)

(/usr/share/texmf-dist/tex/latex/koma-script/scrlfile.sty
Package: scrlfile 2019/02/01 v3.26b KOMA-Script package (loading files)
))
(/usr/share/texmf-dist/tex/generic/oberdiek/ifpdf.sty
Package: ifpdf 2018/09/07 v3.3 Provides the ifpdf switch
)
(/usr/share/texmf-dist/tex/generic/oberdiek/ifluatex.sty
Package: ifluatex 2016/05/16 v1.4 Provides the ifluatex switch (HO)
Package ifluatex Info: LuaTeX not detected.
)
(/usr/share/texmf-dist/tex/generic/ifxetex/ifxetex.sty
Package: ifxetex 2010/09/12 v0.6 Provides ifxetex conditional
)
(/usr/share/texmf-dist/tex/generic/oberdiek/pdftexcmds.sty
Package: pdftexcmds 2018/09/10 v0.29 Utility functions of pdfTeX for LuaTeX (HO
)

(/usr/share/texmf-dist/tex/generic/oberdiek/infwarerr.sty
Package: infwarerr 2016/05/16 v1.4 Providing info/warning/error messages (HO)
)
(/usr/share/texmf-dist/tex/generic/oberdiek/ltxcmds.sty
Package: ltxcmds 2016/05/16 v1.23 LaTeX kernel commands for general use (HO)
)
Package pdftexcmds Info: LuaTeX not detected.
Package pdftexcmds Info: \pdf@primitive is available.
Package pdftexcmds Info: \pdf@ifprimitive is available.
Package pdftexcmds Info: \pdfdraftmode found.
)
(/usr/share/texmf-dist/tex/latex/tools/shellesc.sty
Package: shellesc 2016/06/07 v0.02a unified shell escape interface for LaTeX
Package shellesc Info: Unrestricted shell escape enabled on input line 67.
)
(/usr/share/texmf-dist/tex/latex/trimspaces/trimspaces.sty
Package: trimspaces 2009/09/17 v1.1 Trim spaces around a token list
)
\svg@box=\box33
\c@svg@param@lastpage=\count118
\c@svg@param@currpage=\count119

(/usr/share/texmf-dist/tex/latex/ifplatform/ifplatform.sty
Package: ifplatform 2017/10/13 v0.4a Testing for the operating system

(/usr/share/texmf-dist/tex/generic/oberdiek/catchfile.sty
Package: catchfile 2016/05/16 v1.7 Catch the contents of a file (HO)

(/usr/share/texmf-dist/tex/generic/oberdiek/etexcmds.sty
Package: etexcmds 2016/05/16 v1.6 Avoid name clashes with e-TeX commands (HO)
Package etexcmds Info: Could not find \expanded.
(etexcmds)             That can mean that you are not using pdfTeX 1.50 or
(etexcmds)             that some package has redefined \expanded.
(etexcmds)             In the latter case, load this package earlier.
))
runsystem(uname -s > "publication.w18")...executed.

 (./publication.w18)
runsystem(rm -- "publication.w18")...executed.

)) (/usr/share/texmf-dist/tex/latex/xcolor/xcolor.sty
Package: xcolor 2016/05/11 v2.12 LaTeX color extensions (UK)

(/usr/share/texmf-dist/tex/latex/graphics-cfg/color.cfg
File: color.cfg 2016/01/02 v1.6 sample color configuration
)
Package xcolor Info: Driver file: pdftex.def on input line 225.
Package xcolor Info: Model `cmy' substituted by `cmy0' on input line 1348.
Package xcolor Info: Model `hsb' substituted by `rgb' on input line 1352.
Package xcolor Info: Model `RGB' extended on input line 1364.
Package xcolor Info: Model `HTML' substituted by `rgb' on input line 1366.
Package xcolor Info: Model `Hsb' substituted by `hsb' on input line 1367.
Package xcolor Info: Model `tHsb' substituted by `hsb' on input line 1368.
Package xcolor Info: Model `HSB' substituted by `hsb' on input line 1369.
Package xcolor Info: Model `Gray' substituted by `gray' on input line 1370.
Package xcolor Info: Model `wave' substituted by `hsb' on input line 1371.
)
(/usr/share/texmf-dist/tex/latex/oberdiek/transparent.sty
Package: transparent 2018/11/18 v1.3 Transparency via pdfTeX's color stack (HO)


(/usr/share/texmf-dist/tex/latex/oberdiek/auxhook.sty
Package: auxhook 2016/05/16 v1.4 Hooks for auxiliary files (HO)
))
(/usr/share/texmf-dist/tex/latex/url/url.sty
\Urlmuskip=\muskip11
Package: url 2013/09/16  ver 3.4  Verb mode for urls, etc.
)
(/usr/share/texmf-dist/tex/latex/hyperref/hyperref.sty
Package: hyperref 2018/11/30 v6.88e Hypertext links for LaTeX

(/usr/share/texmf-dist/tex/generic/oberdiek/hobsub-hyperref.sty
Package: hobsub-hyperref 2016/05/16 v1.14 Bundle oberdiek, subset hyperref (HO)


(/usr/share/texmf-dist/tex/generic/oberdiek/hobsub-generic.sty
Package: hobsub-generic 2016/05/16 v1.14 Bundle oberdiek, subset generic (HO)
Package: hobsub 2016/05/16 v1.14 Construct package bundles (HO)
Package hobsub Info: Skipping package `infwarerr' (already loaded).
Package hobsub Info: Skipping package `ltxcmds' (already loaded).
Package hobsub Info: Skipping package `ifluatex' (already loaded).
Package: ifvtex 2016/05/16 v1.6 Detect VTeX and its facilities (HO)
Package ifvtex Info: VTeX not detected.
Package: intcalc 2016/05/16 v1.2 Expandable calculations with integers (HO)
Package hobsub Info: Skipping package `ifpdf' (already loaded).
Package hobsub Info: Skipping package `etexcmds' (already loaded).
Package: kvsetkeys 2016/05/16 v1.17 Key value parser (HO)
Package: kvdefinekeys 2016/05/16 v1.4 Define keys (HO)
Package hobsub Info: Skipping package `pdftexcmds' (already loaded).
Package: pdfescape 2016/05/16 v1.14 Implements pdfTeX's escape features (HO)
Package: bigintcalc 2016/05/16 v1.4 Expandable calculations on big integers (HO
)
Package: bitset 2016/05/16 v1.2 Handle bit-vector datatype (HO)
Package: uniquecounter 2016/05/16 v1.3 Provide unlimited unique counter (HO)
)
Package hobsub Info: Skipping package `hobsub' (already loaded).
Package: letltxmacro 2016/05/16 v1.5 Let assignment for LaTeX macros (HO)
Package: hopatch 2016/05/16 v1.3 Wrapper for package hooks (HO)
Package: xcolor-patch 2016/05/16 xcolor patch
Package: atveryend 2016/05/16 v1.9 Hooks at the very end of document (HO)
Package atveryend Info: \enddocument detected (standard20110627).
Package: atbegshi 2016/06/09 v1.18 At begin shipout hook (HO)
Package: refcount 2016/05/16 v3.5 Data extraction from label references (HO)
Package: hycolor 2016/05/16 v1.8 Color options for hyperref/bookmark (HO)
)
(/usr/share/texmf-dist/tex/latex/oberdiek/kvoptions.sty
Package: kvoptions 2016/05/16 v3.12 Key value format for package options (HO)
)
\@linkdim=\dimen126
\Hy@linkcounter=\count120
\Hy@pagecounter=\count121

(/usr/share/texmf-dist/tex/latex/hyperref/pd1enc.def
File: pd1enc.def 2018/11/30 v6.88e Hyperref: PDFDocEncoding definition (HO)
Now handling font encoding PD1 ...
... no UTF-8 mapping file for font encoding PD1
)
\Hy@SavedSpaceFactor=\count122

(/usr/share/texmf-dist/tex/latex/latexconfig/hyperref.cfg
File: hyperref.cfg 2002/06/06 v1.2 hyperref configuration of TeXLive
)
Package hyperref Info: Hyper figures OFF on input line 4519.
Package hyperref Info: Link nesting OFF on input line 4524.
Package hyperref Info: Hyper index ON on input line 4527.
Package hyperref Info: Plain pages OFF on input line 4534.
Package hyperref Info: Backreferencing OFF on input line 4539.
Package hyperref Info: Implicit mode ON; LaTeX internals redefined.
Package hyperref Info: Bookmarks ON on input line 4772.
\c@Hy@tempcnt=\count123
LaTeX Info: Redefining \url on input line 5125.
\XeTeXLinkMargin=\dimen127
\Fld@menulength=\count124
\Field@Width=\dimen128
\Fld@charsize=\dimen129
Package hyperref Info: Hyper figures OFF on input line 6380.
Package hyperref Info: Link nesting OFF on input line 6385.
Package hyperref Info: Hyper index ON on input line 6388.
Package hyperref Info: backreferencing OFF on input line 6395.
Package hyperref Info: Link coloring OFF on input line 6400.
Package hyperref Info: Link coloring with OCG OFF on input line 6405.
Package hyperref Info: PDF/A mode OFF on input line 6410.
LaTeX Info: Redefining \ref on input line 6450.
LaTeX Info: Redefining \pageref on input line 6454.
\Hy@abspage=\count125
\c@Item=\count126
\c@Hfootnote=\count127
)
Package hyperref Info: Driver (autodetected): hpdftex.

(/usr/share/texmf-dist/tex/latex/hyperref/hpdftex.def
File: hpdftex.def 2018/11/30 v6.88e Hyperref driver for pdfTeX
\Fld@listcount=\count128
\c@bookmark@seq@number=\count129

(/usr/share/texmf-dist/tex/latex/oberdiek/rerunfilecheck.sty
Package: rerunfilecheck 2016/05/16 v1.8 Rerun checks for auxiliary files (HO)
Package uniquecounter Info: New unique counter `rerunfilecheck' on input line 2
82.
)
\Hy@SectionHShift=\skip46
)
(/usr/share/texmf-dist/tex/latex/biblatex/biblatex.sty
Package: biblatex 2018/11/02 v3.12 programmable bibliographies (PK/MW)

(/usr/share/texmf-dist/tex/latex/etoolbox/etoolbox.sty
Package: etoolbox 2018/08/19 v2.5f e-TeX tools for LaTeX (JAW)
\etb@tempcnta=\count130
)
(/usr/share/texmf-dist/tex/latex/logreq/logreq.sty
Package: logreq 2010/08/04 v1.0 xml request logger
\lrq@indent=\count131

(/usr/share/texmf-dist/tex/latex/logreq/logreq.def
File: logreq.def 2010/08/04 v1.0 logreq spec v1.0
))
(/usr/share/texmf-dist/tex/latex/base/ifthen.sty
Package: ifthen 2014/09/29 v1.1c Standard LaTeX ifthen package (DPC)
)
\c@tabx@nest=\count132
\c@listtotal=\count133
\c@listcount=\count134
\c@liststart=\count135
\c@liststop=\count136
\c@citecount=\count137
\c@citetotal=\count138
\c@multicitecount=\count139
\c@multicitetotal=\count140
\c@instcount=\count141
\c@maxnames=\count142
\c@minnames=\count143
\c@maxitems=\count144
\c@minitems=\count145
\c@citecounter=\count146
\c@maxcitecounter=\count147
\c@savedcitecounter=\count148
\c@uniquelist=\count149
\c@uniquename=\count150
\c@refsection=\count151
\c@refsegment=\count152
\c@maxextratitle=\count153
\c@maxextratitleyear=\count154
\c@maxextraname=\count155
\c@maxextradate=\count156
\c@maxextraalpha=\count157
\c@abbrvpenalty=\count158
\c@highnamepenalty=\count159
\c@lownamepenalty=\count160
\c@maxparens=\count161
\c@parenlevel=\count162
\blx@tempcnta=\count163
\blx@tempcntb=\count164
\blx@tempcntc=\count165
\blx@maxsection=\count166
\blx@maxsegment@0=\count167
\blx@notetype=\count168
\blx@parenlevel@text=\count169
\blx@parenlevel@foot=\count170
\blx@sectionciteorder@0=\count171
\blx@entrysetcounter=\count172
\labelnumberwidth=\skip47
\labelalphawidth=\skip48
\biblabelsep=\skip49
\bibitemsep=\skip50
\bibnamesep=\skip51
\bibinitsep=\skip52
\bibparsep=\skip53
\bibhang=\skip54
\blx@bcfin=\read1
\blx@bcfout=\write3
\c@mincomprange=\count173
\c@maxcomprange=\count174
\c@mincompwidth=\count175
Package biblatex Info: Trying to load biblatex default data model...
Package biblatex Info: ... file 'blx-dm.def' found.

(/usr/share/texmf-dist/tex/latex/biblatex/blx-dm.def
File: blx-dm.def 2018/11/02 v3.12 biblatex localization (PK/MW)
)
Package biblatex Info: Trying to load biblatex style data model...
Package biblatex Info: ... file 'custom.dbx' not found.
Package biblatex Info: Trying to load biblatex custom data model...
Package biblatex Info: ... file 'biblatex-dm.cfg' not found.
\c@afterword=\count176
\c@savedafterword=\count177
\c@annotator=\count178
\c@savedannotator=\count179
\c@author=\count180
\c@savedauthor=\count181
\c@bookauthor=\count182
\c@savedbookauthor=\count183
\c@commentator=\count184
\c@savedcommentator=\count185
\c@editor=\count186
\c@savededitor=\count187
\c@editora=\count188
\c@savededitora=\count189
\c@editorb=\count190
\c@savededitorb=\count191
\c@editorc=\count192
\c@savededitorc=\count193
\c@foreword=\count194
\c@savedforeword=\count195
\c@holder=\count196
\c@savedholder=\count197
\c@introduction=\count198
\c@savedintroduction=\count199
\c@namea=\count266
\c@savednamea=\count267
\c@nameb=\count268
\c@savednameb=\count269
\c@namec=\count270
\c@savednamec=\count271
\c@translator=\count272
\c@savedtranslator=\count273
\c@shortauthor=\count274
\c@savedshortauthor=\count275
\c@shorteditor=\count276
\c@savedshorteditor=\count277
\c@labelname=\count278
\c@savedlabelname=\count279
\c@institution=\count280
\c@savedinstitution=\count281
\c@lista=\count282
\c@savedlista=\count283
\c@listb=\count284
\c@savedlistb=\count285
\c@listc=\count286
\c@savedlistc=\count287
\c@listd=\count288
\c@savedlistd=\count289
\c@liste=\count290
\c@savedliste=\count291
\c@listf=\count292
\c@savedlistf=\count293
\c@location=\count294
\c@savedlocation=\count295
\c@organization=\count296
\c@savedorganization=\count297
\c@origlocation=\count298
\c@savedoriglocation=\count299
\c@origpublisher=\count300
\c@savedorigpublisher=\count301
\c@publisher=\count302
\c@savedpublisher=\count303
\c@language=\count304
\c@savedlanguage=\count305
\c@origlanguage=\count306
\c@savedoriglanguage=\count307
\c@pageref=\count308
\c@savedpageref=\count309
\shorthandwidth=\skip55
\shortjournalwidth=\skip56
\shortserieswidth=\skip57
\shorttitlewidth=\skip58
\shortauthorwidth=\skip59
\shorteditorwidth=\skip60
\locallabelnumberwidth=\skip61
\locallabelalphawidth=\skip62
\localshorthandwidth=\skip63
\localshortjournalwidth=\skip64
\localshortserieswidth=\skip65
\localshorttitlewidth=\skip66
\localshortauthorwidth=\skip67
\localshorteditorwidth=\skip68
Package biblatex Info: Trying to load compatibility code...
Package biblatex Info: ... file 'blx-compat.def' found.

(/usr/share/texmf-dist/tex/latex/biblatex/blx-compat.def
File: blx-compat.def 2018/11/02 v3.12 biblatex compatibility (PK/MW)
)
Package biblatex Info: Trying to load generic definitions...
Package biblatex Info: ... file 'biblatex.def' found.

(/usr/share/texmf-dist/tex/latex/biblatex/biblatex.def
File: biblatex.def 2018/11/02 v3.12 biblatex compatibility (PK/MW)
\c@textcitecount=\count310
\c@textcitetotal=\count311
\c@textcitemaxnames=\count312
\c@biburlnumpenalty=\count313
\c@biburlucpenalty=\count314
\c@biburllcpenalty=\count315
\c@smartand=\count316
)
Package biblatex Info: Trying to load bibliography style 'numeric'...
Package biblatex Info: ... file 'numeric.bbx' found.

(/usr/share/texmf-dist/tex/latex/biblatex/bbx/numeric.bbx
File: numeric.bbx 2018/11/02 v3.12 biblatex bibliography style (PK/MW)
Package biblatex Info: Trying to load bibliography style 'standard'...
Package biblatex Info: ... file 'standard.bbx' found.

(/usr/share/texmf-dist/tex/latex/biblatex/bbx/standard.bbx
File: standard.bbx 2018/11/02 v3.12 biblatex bibliography style (PK/MW)
\c@bbx:relatedcount=\count317
\c@bbx:relatedtotal=\count318
))
Package biblatex Info: Trying to load citation style 'numeric'...
Package biblatex Info: ... file 'numeric.cbx' found.

(/usr/share/texmf-dist/tex/latex/biblatex/cbx/numeric.cbx
File: numeric.cbx 2018/11/02 v3.12 biblatex citation style (PK/MW)
Package biblatex Info: Redefining '\cite'.
Package biblatex Info: Redefining '\parencite'.
Package biblatex Info: Redefining '\footcite'.
Package biblatex Info: Redefining '\footcitetext'.
Package biblatex Info: Redefining '\smartcite'.
Package biblatex Info: Redefining '\supercite'.
Package biblatex Info: Redefining '\textcite'.
Package biblatex Info: Redefining '\textcites'.
Package biblatex Info: Redefining '\cites'.
Package biblatex Info: Redefining '\parencites'.
Package biblatex Info: Redefining '\smartcites'.
)
Package biblatex Info: Trying to load configuration file...
Package biblatex Info: ... file 'biblatex.cfg' found.

(/usr/share/texmf-dist/tex/latex/biblatex/biblatex.cfg
File: biblatex.cfg 
))
(/usr/share/texmf-dist/tex/latex/foreign/foreign.sty
Package: foreign 2012/09/25 v2.7 type-setting package for foreign words (PGR)

(/usr/share/texmf-dist/tex/latex/xpunctuate/xpunctuate.sty
Package: xpunctuate 2012/05/21 v1.0 trailing punctuation package (PGR)

(/usr/share/texmf-dist/tex/latex/tools/xspace.sty
Package: xspace 2014/10/28 v1.13 Space after command names (DPC,MH)
)))
(/usr/share/texmf-dist/tex/latex/bbm-macros/bbm.sty
Package: bbm 1999/03/15 V 1.2 provides fonts for set symbols - TH
LaTeX Font Info:    Overwriting math alphabet `\mathbbm' in version `bold'
(Font)                  U/bbm/m/n --> U/bbm/bx/n on input line 33.
LaTeX Font Info:    Overwriting math alphabet `\mathbbmss' in version `bold'
(Font)                  U/bbmss/m/n --> U/bbmss/bx/n on input line 35.
)
(/usr/share/texmf-dist/tex/latex/paralist/paralist.sty
Package: paralist 2017/01/22 v2.7 Extended list environments
\pltopsep=\skip69
\plpartopsep=\skip70
\plitemsep=\skip71
\plparsep=\skip72
\pl@lab=\toks24
)
(/usr/share/texmf-dist/tex/latex/glossaries/base/glossaries.sty
Package: glossaries 2019/01/06 v4.42 (NLCT)

(/usr/share/texmf-dist/tex/latex/xkeyval/xkeyval.sty
Package: xkeyval 2014/12/03 v2.7a package option processing (HA)

(/usr/share/texmf-dist/tex/generic/xkeyval/xkeyval.tex
(/usr/share/texmf-dist/tex/generic/xkeyval/xkvutils.tex
\XKV@toks=\toks25
\XKV@tempa@toks=\toks26
)
\XKV@depth=\count319
File: xkeyval.tex 2014/12/03 v2.7a key=value parser (HA)
))
(/usr/share/texmf-dist/tex/latex/mfirstuc/mfirstuc.sty
Package: mfirstuc 2017/11/14 v2.06 (NLCT)
\@glsmfirst=\toks27
\@glsmrest=\toks28
)
(/usr/share/texmf-dist/tex/latex/textcase/textcase.sty
Package: textcase 2004/10/07 v0.07 Text only upper/lower case changing (DPC)
)
(/usr/share/texmf-dist/tex/latex/xfor/xfor.sty
Package: xfor 2009/02/05 v1.05 (NLCT)
)
(/usr/share/texmf-dist/tex/latex/datatool/datatool-base.sty
Package: datatool-base 2018/12/07 v2.31 (NLCT)

(/usr/share/texmf-dist/tex/latex/substr/substr.sty
Package: substr 2009/10/20 v1.2 Handle substrings
\c@su@anzahl=\count320
)
(/usr/share/texmf-dist/tex/latex/datatool/datatool-fp.sty
Package: datatool-fp 2018/12/07 v2.31 (NLCT)

(/usr/share/texmf-dist/tex/latex/fp/fp.sty
Package: fp 1995/04/02

`Fixed Point Package', Version 0.8, April 2, 1995 (C) Michael Mehlich
(/usr/share/texmf-dist/tex/latex/fp/defpattern.sty
Package: defpattern 1994/10/12
\actioncount=\count321
)
(/usr/share/texmf-dist/tex/latex/fp/fp-basic.sty
Package: fp-basic 1996/05/13
\FP@xs=\count322
\FP@xia=\count323
\FP@xib=\count324
\FP@xfa=\count325
\FP@xfb=\count326
\FP@rega=\count327
\FP@regb=\count328
\FP@regs=\count329
\FP@times=\count330
)
(/usr/share/texmf-dist/tex/latex/fp/fp-addons.sty
Package: fp-addons 1995/03/15
)
(/usr/share/texmf-dist/tex/latex/fp/fp-snap.sty
Package: fp-snap 1995/04/05
)
(/usr/share/texmf-dist/tex/latex/fp/fp-exp.sty
Package: fp-exp 1995/04/03
)
(/usr/share/texmf-dist/tex/latex/fp/fp-trigo.sty
Package: fp-trigo 1995/04/14
)
(/usr/share/texmf-dist/tex/latex/fp/fp-pas.sty
Package: fp-pas 1994/08/29
)
(/usr/share/texmf-dist/tex/latex/fp/fp-random.sty
Package: fp-random 1995/02/23
\FPseed=\count331
)
(/usr/share/texmf-dist/tex/latex/fp/fp-eqn.sty
Package: fp-eqn 1995/04/03
)
(/usr/share/texmf-dist/tex/latex/fp/fp-upn.sty
Package: fp-upn 1996/10/21
)
(/usr/share/texmf-dist/tex/latex/fp/fp-eval.sty
Package: fp-eval 1995/04/03
)))
\@dtl@toks=\toks29
\@dtl@tmpcount=\count332
\dtl@tmplength=\skip73
\dtl@sortresult=\count333
\@dtl@numgrpsepcount=\count334
\@dtl@datatype=\count335
\dtl@codeA=\count336
\dtl@codeB=\count337
\@dtl@foreach@level=\count338
)
(/usr/share/texmf-dist/tex/latex/glossaries/base/glossaries-compatible-307.sty
Package: glossaries-compatible-307 2019/01/06 v4.42 (NLCT)
)
\gls@level=\count339
\@gls@tmpb=\toks30
\gls@tmplen=\skip74
\glskeylisttok=\toks31
\glslabeltok=\toks32
\glsshorttok=\toks33
\glslongtok=\toks34
(/usr/share/texmf-dist/tex/latex/glossaries/styles/glossary-hypernav.sty
Package: glossary-hypernav 2019/01/06 v4.42 (NLCT)
)
(/usr/share/texmf-dist/tex/latex/glossaries/styles/glossary-list.sty
Package: glossary-list 2019/01/06 v4.42 (NLCT)
\glslistdottedwidth=\skip75
)
(/usr/share/texmf-dist/tex/latex/glossaries/styles/glossary-long.sty
Package: glossary-long 2019/01/06 v4.42 (NLCT)

(/usr/share/texmf-dist/tex/latex/tools/longtable.sty
Package: longtable 2014/10/28 v4.11 Multi-page Table package (DPC)+ FMi change
\LTleft=\skip76
\LTright=\skip77
\LTpre=\skip78
\LTpost=\skip79
\LTchunksize=\count340
\LTcapwidth=\dimen130
\LT@head=\box34
\LT@firsthead=\box35
\LT@foot=\box36
\LT@lastfoot=\box37
\LT@cols=\count341
\LT@rows=\count342
\c@LT@tables=\count343
\c@LT@chunks=\count344
\LT@p@ftn=\toks35
)
\glsdescwidth=\skip80
\glspagelistwidth=\skip81
)
(/usr/share/texmf-dist/tex/latex/glossaries/styles/glossary-super.sty
Package: glossary-super 2019/01/06 v4.42 (NLCT)

(/usr/share/texmf-dist/tex/latex/supertabular/supertabular.sty
Package: supertabular 2004/02/20 v4.1e the supertabular environment
\c@tracingst=\count345
\ST@wd=\dimen131
\ST@rightskip=\skip82
\ST@leftskip=\skip83
\ST@parfillskip=\skip84
\ST@pageleft=\dimen132
\ST@headht=\dimen133
\ST@tailht=\dimen134
\ST@pagesofar=\dimen135
\ST@pboxht=\dimen136
\ST@lineht=\dimen137
\ST@stretchht=\dimen138
\ST@prevht=\dimen139
\ST@toadd=\dimen140
\ST@dimen=\dimen141
\ST@pbox=\box38
))
(/usr/share/texmf-dist/tex/latex/glossaries/styles/glossary-tree.sty
Package: glossary-tree 2019/01/06 v4.42 (NLCT)
\glstreeindent=\skip85
))
(/usr/share/texmf-dist/tex/latex/tools/tabularx.sty
Package: tabularx 2016/02/03 v2.11b `tabularx' package (DPC)

(/usr/share/texmf-dist/tex/latex/tools/array.sty
Package: array 2018/12/30 v2.4k Tabular extension package (FMi)
\col@sep=\dimen142
\ar@mcellbox=\box39
\extrarowheight=\dimen143
\NC@list=\toks36
\extratabsurround=\skip86
\backup@length=\skip87
\ar@cellbox=\box40
)
\TX@col@width=\dimen144
\TX@old@table=\dimen145
\TX@old@col=\dimen146
\TX@target=\dimen147
\TX@delta=\dimen148
\TX@cols=\count346
\TX@ftn=\toks37
)
(/usr/share/texmf-dist/tex/latex/csquotes/csquotes.sty
Package: csquotes 2018/04/13 v5.2d context-sensitive quotations (JAW)
\csq@reset=\count347
\csq@gtype=\count348
\csq@glevel=\count349
\csq@qlevel=\count350
\csq@maxlvl=\count351
\csq@tshold=\count352
\csq@ltx@everypar=\toks38

(/usr/share/texmf-dist/tex/latex/csquotes/csquotes.def
File: csquotes.def 2018/04/13 v5.2d csquotes generic definitions (JAW)
)
Package csquotes Info: Trying to load configuration file 'csquotes.cfg'...
Package csquotes Info: ... configuration file loaded successfully.

(/usr/share/texmf-dist/tex/latex/csquotes/csquotes.cfg
File: csquotes.cfg 
))
(/usr/share/texmf-dist/tex/latex/booktabs/booktabs.sty
Package: booktabs 2016/04/27 v1.618033 publication quality tables
\heavyrulewidth=\dimen149
\lightrulewidth=\dimen150
\cmidrulewidth=\dimen151
\belowrulesep=\dimen152
\belowbottomsep=\dimen153
\aboverulesep=\dimen154
\abovetopsep=\dimen155
\cmidrulesep=\dimen156
\cmidrulekern=\dimen157
\defaultaddspace=\dimen158
\@cmidla=\count353
\@cmidlb=\count354
\@aboverulesep=\dimen159
\@belowrulesep=\dimen160
\@thisruleclass=\count355
\@lastruleclass=\count356
\@thisrulewidth=\dimen161
)
(/usr/share/texmf-dist/tex/latex/ntheorem/ntheorem.sty
Style `ntheorem', Version 1.33 <2011/08/15>
Package: ntheorem 2011/08/15 1.33
\theorem@style=\toks39
\theorem@@style=\toks40
\theorembodyfont=\toks41
\theoremnumbering=\toks42
\theorempreskipamount=\skip88
\theorempostskipamount=\skip89
\theoremframepreskipamount=\skip90
\theoremframepostskipamount=\skip91
\theoreminframepreskipamount=\skip92
\theoreminframepostskipamount=\skip93
\theorem@preskip=\toks43
\theorem@postskip=\toks44
\theorem@framepreskip=\toks45
\theorem@framepostskip=\toks46
\theorem@inframepreskip=\toks47
\theorem@inframepostskip=\toks48
\theoremindent=\dimen162
\theorem@indent=\dimen163
\theoremrightindent=\dimen164
\theorem@rightindent=\dimen165
\theoremheaderfont=\toks49
\theoremseparator=\toks50
\theoremprework=\toks51
\theorempostwork=\toks52
\theoremsymbol=\toks53
\qedsymbol=\toks54
\theoremkeyword=\toks55
\qedsymbol=\toks56
\thm@topsep=\skip94
\thm@topsepadd=\skip95
\shadecolor=\toks57
)
\c@hypo=\count357
 (/usr/share/texmf-dist/tex/latex/oberdiek/hypcap.sty
Package: hypcap 2016/05/16 v1.12 Adjusting the anchors of captions (HO)
)
(/usr/share/texmf-dist/tex/latex/hyphenat/hyphenat.sty
Package: hyphenat 2009/09/02 v2.3c hyphenation utilities
\langwohyphens=\language85
LaTeX Info: Redefining \_ on input line 43.
)
Package hyperref Info: Option `colorlinks' set `false' on input line 54.
Package hyperref Info: Option `linktocpage' set `true' on input line 54.

(/usr/share/texmf-dist/tex/latex/caption/caption.sty
Package: caption 2018/10/06 v3.3-154 Customizing captions (AR)

(/usr/share/texmf-dist/tex/latex/caption/caption3.sty
Package: caption3 2018/09/12 v1.8c caption3 kernel (AR)
Package caption3 Info: TeX engine: e-TeX on input line 64.
\captionmargin=\dimen166
\captionmargin@=\dimen167
\captionwidth=\dimen168
\caption@tempdima=\dimen169
\caption@indent=\dimen170
\caption@parindent=\dimen171
\caption@hangindent=\dimen172
Package caption Info: Unknown document class (or package),
(caption)             standard defaults will be used.
)

Package caption Warning: Unsupported document class (or package) detected,
(caption)                usage of the caption package is not recommended.
See the caption package documentation for explanation.

Package caption Info: \@makecaption = \long macro:#1#2->\captionstyle \ifx \@ca
ptype \fig@type \vskip \figcapgap \fi \setbox \@tempboxa \hbox {{\floatlegendst
yle #1\floatcounterend }\capstrut #2}\ifdim \wd \@tempboxa >\hsize {\floatlegen
dstyle #1\floatcounterend }\capstrut #2\par \else \hbox to\hsize {\leftlegendgl
ue \unhbox \@tempboxa \hfil }\fi \ifx \@captype \fig@type \else \vskip \tabcapg
ap \fi .
\c@caption@flags=\count358
\c@ContinuedFloat=\count359
Package caption Info: hyperref package is loaded.
Package caption Info: hypcap package is loaded.
Package caption Info: longtable package is loaded.
(/usr/share/texmf-dist/tex/latex/caption/ltcaption.sty
Package: ltcaption 2018/08/26 v1.4-95 longtable captions (AR)
)
Package caption Info: supertabular package is loaded.
)
\glswrite=\write4
\glo@main@file=\write5
\openout5 = `publication.glo'.

Package glossaries Info: Writing glossary file publication.glo on input line 57
.
Package biblatex Info: Trying to load language 'english'...
Package biblatex Info: ... file 'english.lbx' found.

(/usr/share/texmf-dist/tex/latex/biblatex/lbx/english.lbx
File: english.lbx 2018/11/02 v3.12 biblatex localization (PK/MW)
)
Package csquotes Info: Checking for multilingual support...
Package csquotes Info: ... none found.
 (./publication.aux

LaTeX Warning: Label `fig:adapt:paes' multiply defined.


LaTeX Warning: Label `fig:unnamed-chunk-4' multiply defined.


LaTeX Warning: Label `fig:adapt:mot' multiply defined.

)
\openout1 = `publication.aux'.

LaTeX Font Info:    Checking defaults for OML/cmm/m/it on input line 59.
LaTeX Font Info:    ... okay on input line 59.
LaTeX Font Info:    Checking defaults for T1/cmr/m/n on input line 59.
LaTeX Font Info:    ... okay on input line 59.
LaTeX Font Info:    Checking defaults for OT1/cmr/m/n on input line 59.
LaTeX Font Info:    ... okay on input line 59.
LaTeX Font Info:    Checking defaults for OMS/cmsy/m/n on input line 59.
LaTeX Font Info:    ... okay on input line 59.
LaTeX Font Info:    Checking defaults for OMX/cmex/m/n on input line 59.
LaTeX Font Info:    ... okay on input line 59.
LaTeX Font Info:    Checking defaults for U/cmr/m/n on input line 59.
LaTeX Font Info:    ... okay on input line 59.
LaTeX Font Info:    Checking defaults for PD1/pdf/m/n on input line 59.
LaTeX Font Info:    ... okay on input line 59.

Unknown journal: specify \journalname{<name of your journal>} in preambel

(/usr/share/texmf-dist/tex/context/base/mkii/supp-pdf.mkii
[Loading MPS to PDF converter (version 2006.09.02).]
\scratchcounter=\count360
\scratchdimen=\dimen173
\scratchbox=\box41
\nofMPsegments=\count361
\nofMParguments=\count362
\everyMPshowfont=\toks58
\MPscratchCnt=\count363
\MPscratchDim=\dimen174
\MPnumerator=\count364
\makeMPintoPDFobject=\count365
\everyMPtoPDFconversion=\toks59
) (/usr/share/texmf-dist/tex/latex/oberdiek/epstopdf-base.sty
Package: epstopdf-base 2016/05/15 v2.6 Base part for package epstopdf

(/usr/share/texmf-dist/tex/latex/oberdiek/grfext.sty
Package: grfext 2016/05/16 v1.2 Manage graphics extensions (HO)
)
Package epstopdf-base Info: Redefining graphics rule for `.eps' on input line 4
38.
Package grfext Info: Graphics extension search list:
(grfext)             [.pdf,.png,.jpg,.mps,.jpeg,.jbig2,.jb2,.PDF,.PNG,.JPG,.JPE
G,.JBIG2,.JB2,.eps]
(grfext)             \AppendGraphicsExtensions on input line 456.

(/usr/share/texmf-dist/tex/latex/latexconfig/epstopdf-sys.cfg
File: epstopdf-sys.cfg 2010/07/13 v1.3 Configuration of (r)epstopdf for TeX Liv
e
))
\AtBeginShipoutBox=\box42
Package hyperref Info: Link coloring OFF on input line 59.

(/usr/share/texmf-dist/tex/latex/hyperref/nameref.sty
Package: nameref 2016/05/21 v2.44 Cross-referencing by name of section

(/usr/share/texmf-dist/tex/generic/oberdiek/gettitlestring.sty
Package: gettitlestring 2016/05/16 v1.5 Cleanup title references (HO)
)
\c@section@level=\count366
)
LaTeX Info: Redefining \ref on input line 59.
LaTeX Info: Redefining \pageref on input line 59.
LaTeX Info: Redefining \nameref on input line 59.

(./publication.out) (./publication.out)
\@outlinefile=\write6
\openout6 = `publication.out'.

Package biblatex Info: Input encoding 'utf8' detected.
Package biblatex Info: Automatic encoding selection.
(biblatex)             Assuming data encoding 'utf8'.
\openout3 = `publication.bcf'.

Package biblatex Info: Trying to load bibliographic data...
Package biblatex Info: ... file 'publication.bbl' found.
 (./publication.bbl)
Package biblatex Info: Reference section=0 on input line 59.
Package biblatex Info: Reference segment=0 on input line 59.

(./publication.glsdefs)
Package caption Info: Begin \AtBeginDocument code.
Package caption Info: End \AtBeginDocument code.
\@gls@deffile=\write7
\openout7 = `publication.glsdefs'.


SVJour3 warning: Missing \journalname

LaTeX Font Warning: Font shape `OT1/cmr/bx/n' in size <16> not available
(Font)              size <17.28> substituted on input line 93.

LaTeX Font Info:    Calculating math sizes for size <8.5> on input line 93.

LaTeX Font Warning: Font shape `OML/cmm/m/it' in size <8.5> not available
(Font)              size <8> substituted on input line 93.


LaTeX Font Warning: Font shape `OML/cmm/m/it' in size <4.25> not available
(Font)              size <5> substituted on input line 93.


LaTeX Font Warning: Font shape `OMS/cmsy/m/n' in size <8.5> not available
(Font)              size <8> substituted on input line 93.


LaTeX Font Warning: Font shape `OMS/cmsy/m/n' in size <4.25> not available
(Font)              size <5> substituted on input line 93.


LaTeX Font Warning: Font shape `OMX/cmex/m/n' in size <8.5> not available
(Font)              size <8> substituted on input line 93.


Underfull \hbox (badness 10000) in paragraph at lines 97--117

 []


Overfull \hbox (0.34178pt too wide) in paragraph at lines 130--133
\OT1/cmr/m/n/10 user's pref-er-ences [[][]20[]].Though, build-ing cus-tomized s
ys-
 []


Overfull \hbox (7.56401pt too wide) in paragraph at lines 130--133
\OT1/cmr/m/n/10 could en-able tech-niques like col-lab-o-ra-tive fil-ter-ing. T
here-
 []


Overfull \hbox (7.3174pt too wide) in paragraph at lines 134--136
\OT1/cmr/m/n/10 intensive than in web-based ap-pli-ca-tions.  [][]Cak-mak, Chao
,
 []

[1{/var/lib/texmf/fonts/map/pdftex/updmap/pdftex.map}

\openout4 = `publication.ist'.


]
Overfull \hbox (1.89746pt too wide) in paragraph at lines 142--143
\OT1/cmr/m/n/10 ceived an-thro-po-mor-phiza-tion of the robot. Fur-ther-more,
 []


Overfull \hbox (9.00836pt too wide) in paragraph at lines 149--159
[]\OT1/cmr/m/n/10 To in-ves-ti-gate the ef-fects of dif-fer-ent pref-er-ence ma
tch-
 []


LaTeX Warning: Reference `adaptation:sec:discussion' on page 2 undefined on inp
ut line 173.


Overfull \hbox (1.953pt too wide) in paragraph at lines 180--186
\OT1/cmr/m/n/10 of adap-ta-tion, au-toma-tion and al-liance. Dis-cussing these
 []


Overfull \hbox (8.20291pt too wide) in paragraph at lines 191--204
\OT1/cmr/m/n/10 In com-puter sci-ence adap-ta-tion ref-eres to the informative-

 []

<figures/figure-latex/adaptation.pdf, id=80, 456.74638pt x 243.79079pt>
File: figures/figure-latex/adaptation.pdf Graphic file (type pdf)
<use figures/figure-latex/adaptation.pdf>
Package pdftex.def Info: figures/figure-latex/adaptation.pdf  used on input lin
e 206.
(pdftex.def)             Requested size: 238.96417pt x 127.54941pt.

LaTeX Warning: `!h' float specifier changed to `!ht'.


Overfull \hbox (5.48077pt too wide) in paragraph at lines 210--215
\OT1/cmr/m/n/10 adap-tive per-son-al-iza-tion is a cru-cial ca-pa-bil-ity for r
obots.
 []

[2]
Underfull \vbox (badness 1931) has occurred while \output is active []

 [3 <./figures/figure-latex/adaptation.pdf

pdfTeX warning: /usr/bin/pdflatex (file ./figures/figure-latex/adaptation.pdf):
 PDF inclusion: invalid other resource which is no dict (key 'ProcSets', type <
array>); ignored.
>]
Package hyperref Info: bookmark level for unknown hypo defaults to 0 on input l
ine 346.

Overfull \hbox (4.06615pt too wide) in paragraph at lines 347--348
[]\OT1/cmr/m/it/10 Users per-ceive an adap-tive robot as more
 []

[4]
Overfull \hbox (1.98065pt too wide) in paragraph at lines 366--368
\OT1/cmr/m/n/10 com-pe-tence and trust will be some-how cor-re-lated. Based
 []

<figures/figure-latex/systeminteraction.pdf, id=229, 377.49028pt x 316.3017pt>
File: figures/figure-latex/systeminteraction.pdf Graphic file (type pdf)
<use figures/figure-latex/systeminteraction.pdf>
Package pdftex.def Info: figures/figure-latex/systeminteraction.pdf  used on in
put line 402.
(pdftex.def)             Requested size: 238.96417pt x 200.23157pt.

LaTeX Warning: `!h' float specifier changed to `!ht'.


LaTeX Font Warning: Font shape `OT1/cmr/m/it' in size <8.5> not available
(Font)              size <8> substituted on input line 429.


Package amsmath Warning: Foreign command \atopwithdelims;
(amsmath)                \frac or \genfrac should be used instead
(amsmath)                 on input line 429.


Overfull \hbox (0.28622pt too wide) in paragraph at lines 431--435
[]\OT1/cmr/m/n/10 All of them have been an-i-mated on Nao us-ing Chore-
 []


Underfull \vbox (badness 6063) has occurred while \output is active []

 [5 <./figures/figure-latex/systeminteraction.pdf

pdfTeX warning: /usr/bin/pdflatex (file ./figures/figure-latex/systeminteractio
n.pdf): PDF inclusion: invalid other resource which is no dict (key 'ProcSets',
 type <array>); ignored.
>]
<figures/taichi.png, id=272, 1717.41624pt x 975.645pt>
File: figures/taichi.png Graphic file (type png)
<use figures/taichi.png>
Package pdftex.def Info: figures/taichi.png  used on input line 455.
(pdftex.def)             Requested size: 238.96417pt x 135.7408pt.
 [6 <./figures/taichi.png>] [7]
Overfull \hbox (3.154pt too wide) in paragraph at lines 651--656
\OT1/cmr/m/n/10 point Lik-ert scale [[][]33[]]. Neg-a-tive at-ti-tudes to-wards
 robots
 []


Overfull \hbox (6.33041pt too wide) in paragraph at lines 676--681
 []\OT1/cmr/m/it/10 Team Per-cep-tion [] \OT1/cmr/m/n/10 We mea-sured the user'
s per-ceived team
 []


Overfull \hbox (7.60295pt too wide) in paragraph at lines 695--701
 []\OT1/cmr/m/it/10 Motivation [] \OT1/cmr/m/n/10 To have an ad-di-tional mea-s
ure to see whether
 []

Package svg Info: Last page of `./svg-inkscape/neo-ffi_svg-tex.pdf' is 1 on inp
ut line 737.
(./svg-inkscape/neo-ffi_svg-tex.pdf_tex
<./svg-inkscape/neo-ffi_svg-tex.pdf, id=339, page=1, 1096.25955pt x 313.33458pt
>
File: ./svg-inkscape/neo-ffi_svg-tex.pdf Graphic file (type pdf)
<use ./svg-inkscape/neo-ffi_svg-tex.pdf, page 1>
Package pdftex.def Info: ./svg-inkscape/neo-ffi_svg-tex.pdf , page1 used on inp
ut line 56.
(pdftex.def)             Requested size: 477.92834pt x 136.60065pt.
)
Package svg Info: Last page of `./svg-inkscape/sus_svg-tex.pdf' is 1 on input l
ine 741.
 (./svg-inkscape/sus_svg-tex.pdf_tex
<./svg-inkscape/sus_svg-tex.pdf, id=341, page=1, 796.1383pt x 486.98334pt>
File: ./svg-inkscape/sus_svg-tex.pdf Graphic file (type pdf)
<use ./svg-inkscape/sus_svg-tex.pdf, page 1>
Package pdftex.def Info: ./svg-inkscape/sus_svg-tex.pdf , page1 used on input l
ine 56.
(pdftex.def)             Requested size: 238.96417pt x 146.17043pt.
)
Overfull \hbox (5.56396pt too wide) in paragraph at lines 756--757
[]\OT1/cmr/m/n/10 The gen-eral hy-poth-e-sis un-re-lated mea-sure-ments show
 []

Package svg Info: Last page of `./svg-inkscape/rosas_svg-tex.pdf' is 1 on input
 line 791.
(./svg-inkscape/rosas_svg-tex.pdf_tex
<./svg-inkscape/rosas_svg-tex.pdf, id=343, page=1, 796.1383pt x 486.98334pt>
File: ./svg-inkscape/rosas_svg-tex.pdf Graphic file (type pdf)
<use ./svg-inkscape/rosas_svg-tex.pdf, page 1>
Package pdftex.def Info: ./svg-inkscape/rosas_svg-tex.pdf , page1 used on input
 line 56.
(pdftex.def)             Requested size: 238.96417pt x 146.17043pt.
) [8]
<figures/figure-latex/unnamed-chunk-9-1.pdf, id=383, 309.155pt x 115.43124pt>
File: figures/figure-latex/unnamed-chunk-9-1.pdf Graphic file (type pdf)
<use figures/figure-latex/unnamed-chunk-9-1.pdf>
Package pdftex.def Info: figures/figure-latex/unnamed-chunk-9-1.pdf  used on in
put line 828.
(pdftex.def)             Requested size: 238.96417pt x 89.22754pt.
LaTeX Font Info:    Try loading font information for OML+cmr on input line 840.


(/usr/share/texmf-dist/tex/latex/base/omlcmr.fd
File: omlcmr.fd 2014/09/29 v2.5h Standard LaTeX font definitions
)
LaTeX Font Info:    Font shape `OML/cmr/m/n' in size <10> not available
(Font)              Font shape `OML/cmm/m/it' tried instead on input line 840.
 [9 <./svg-inkscape/neo-ffi_svg-tex.pdf> <./svg-inkscape/sus_svg-tex.pdf

pdfTeX warning: /usr/bin/pdflatex (file ./svg-inkscape/sus_svg-tex.pdf): PDF in
clusion: multiple pdfs with page group included in a single page
> <./svg-inkscape/rosas_svg-tex.pdf

pdfTeX warning: /usr/bin/pdflatex (file ./svg-inkscape/rosas_svg-tex.pdf): PDF 
inclusion: multiple pdfs with page group included in a single page
> <./figures/figure-latex/unnamed-chunk-9-1.pdf>]
Overfull \hbox (10.20288pt too wide) in paragraph at lines 849--855
\OT1/cmr/m/n/10 Pear-son's Chi-squared test showed that par-tic-i-pants opted
 []

Package svg Info: Last page of `./svg-inkscape/user_rankings_svg-tex.pdf' is 1 
on input line 862.
(./svg-inkscape/user_rankings_svg-tex.pdf_tex
<./svg-inkscape/user_rankings_svg-tex.pdf, id=678, page=1, 737.82346pt x 325.28
224pt>
File: ./svg-inkscape/user_rankings_svg-tex.pdf Graphic file (type pdf)
<use ./svg-inkscape/user_rankings_svg-tex.pdf, page 1>
Package pdftex.def Info: ./svg-inkscape/user_rankings_svg-tex.pdf , page1 used 
on input line 56.
(pdftex.def)             Requested size: 477.92834pt x 210.70132pt.
)
Package svg Info: Last page of `./svg-inkscape/distances_svg-tex.pdf' is 1 on i
nput line 866.

(./svg-inkscape/distances_svg-tex.pdf_tex
<./svg-inkscape/distances_svg-tex.pdf, id=680, page=1, 737.92087pt x 319.35709p
t>
File: ./svg-inkscape/distances_svg-tex.pdf Graphic file (type pdf)
<use ./svg-inkscape/distances_svg-tex.pdf, page 1>
Package pdftex.def Info: ./svg-inkscape/distances_svg-tex.pdf , page1 used on i
nput line 56.
(pdftex.def)             Requested size: 238.96417pt x 103.41946pt.
)
Overfull \hbox (2.7862pt too wide) in paragraph at lines 874--875
\OT1/cmr/m/n/10 we con-ducted semi-structured post-study in-ter-views. Af-
 []


LaTeX Font Warning: Font shape `OT1/cmr/bx/n' in size <8.5> not available
(Font)              size <8> substituted on input line 892.

[10] [11 <./svg-inkscape/user_rankings_svg-tex.pdf> <./svg-inkscape/distances_s
vg-tex.pdf

pdfTeX warning: /usr/bin/pdflatex (file ./svg-inkscape/distances_svg-tex.pdf): 
PDF inclusion: multiple pdfs with page group included in a single page
>] [12]
Overfull \hbox (8.90399pt too wide) in paragraph at lines 1037--1037
[]\OT1/cmr/m/n/10 Jenay M Beer, Arthur D Fisk, and Wendy A Rogers.
 []


Overfull \hbox (15.18188pt too wide) in paragraph at lines 1037--1037
[]\OT1/cmr/m/n/10 Maya Cak-mak, Crys-tal Chao, and An-drea L Thomaz.
 []


Overfull \hbox (1.73334pt too wide) in paragraph at lines 1037--1037
\OT1/cmr/m/it/10 De-vel-op-ment \OT1/cmr/m/n/10 2.2 (2010), pp. 108{118 (cit. o
n p. []1[]). 
 []


Overfull \hbox (0.95956pt too wide) in paragraph at lines 1037--1037
[]\OT1/cmr/m/n/10 Jon Eriks-son, Maja J Mataric, and Car-olee J Win-
 []


Overfull \hbox (11.43178pt too wide) in paragraph at lines 1037--1037
[]\OT1/cmr/m/n/10 Amos Freedy et al. \  Mea-sure-ment of trust in human-
 []


Overfull \hbox (1.51515pt too wide) in paragraph at lines 1037--1037
[]\OT1/cmr/m/n/10 Johannes F^^?urnkranz and Eyke H^^?ullermeier. \  Pref-
 []


Overfull \hbox (2.28505pt too wide) in paragraph at lines 1037--1037
\OT1/cmr/m/n/10 Hei-del-berg, 2011, pp. 1{17. \OT1/cmr/m/sc/10 isbn\OT1/cmr/m/n
/10 : 978-3-642-14125-
 []

[13]
Overfull \hbox (1.7459pt too wide) in paragraph at lines 1037--1037
\OT1/cmr/m/n/10 vey." In: \OT1/cmr/m/it/10 I. J. So-cial Robotics 5(2) \OT1/cmr
/m/n/10 (2013), pp. 291{
 []


Overfull \hbox (15.12625pt too wide) in paragraph at lines 1037--1037
[]\OT1/cmr/m/n/10 Deborah Kendzier-ski and Ken-neth J De-Carlo. \  Phys-
 []


Overfull \hbox (7.34741pt too wide) in paragraph at lines 1037--1037
\OT1/cmr/m/n/10 i-cal Ac-tiv-ity En-joy-ment Scale: Two val-i-da-tion stud-
 []


Overfull \hbox (11.20303pt too wide) in paragraph at lines 1037--1037
\OT1/cmr/m/n/10 Un-der-stand-ing long-term human-robot in-ter-ac-tion".
 []


Overfull \hbox (9.82797pt too wide) in paragraph at lines 1037--1037
\OT1/cmr/m/n/10 ter-ac-tion". In: \OT1/cmr/m/it/10 In-tel-li-gent Robots and Sy
s-tems, 2008.
 []


Overfull \hbox (5.29303pt too wide) in paragraph at lines 1037--1037
[]\OT1/cmr/m/n/10 Junpei Komiyama, Junya Honda, and Hi-roshi Nak-
 []


Overfull \hbox (2.80879pt too wide) in paragraph at lines 1037--1037
\OT1/cmr/m/n/10 human-computer trust". In: \OT1/cmr/m/it/10 11th aus-tralasian 
con-
 []


Overfull \hbox (2.72478pt too wide) in paragraph at lines 1037--1037
\OT1/cmr/m/it/10 ac-tion\OT1/cmr/m/n/10 . HRI '16. Christchurch, New Zealand: I
EEE
 []


Overfull \hbox (1.3274pt too wide) in paragraph at lines 1037--1037
[]\OT1/cmr/m/n/10 Clifford Nass, BJ Fogg, and Youngme Moon. \  Can
 []


Overfull \hbox (3.01657pt too wide) in paragraph at lines 1037--1037
\OT1/cmr/m/n/10 com-put-ers be team-mates?" In: \OT1/cmr/m/it/10 In-ter-na-tion
al Jour-
 []


Overfull \hbox (17.18939pt too wide) in paragraph at lines 1037--1037
\OT1/cmr/m/it/10 nal of Human-Computer Stud-ies \OT1/cmr/m/n/10 45.6 (1996), pp
. 669{
 []


Overfull \hbox (7.1992pt too wide) in paragraph at lines 1037--1037
\OT1/cmr/m/it/10 and Hu-man In-ter-ac-tive Com-mu-ni-ca-tion, 2009. RO-
 []


Overfull \hbox (16.48732pt too wide) in paragraph at lines 1037--1037
[]\OT1/cmr/m/n/10 Kristopher J Preacher and An-drew F Hayes. \  Asymp-
 []


Overfull \hbox (8.6905pt too wide) in paragraph at lines 1037--1037
\OT1/cmr/m/n/10 mod-els". In: \OT1/cmr/m/it/10 Be-hav-ior re-search meth-ods \O
T1/cmr/m/n/10 40.3 (2008),
 []


Overfull \hbox (3.47035pt too wide) in paragraph at lines 1037--1037
\OT1/cmr/m/n/10 en-ta-tion on hu-man decision-making". In: \OT1/cmr/m/it/10 Ad-
vances
 []


Overfull \hbox (5.23004pt too wide) in paragraph at lines 1037--1037
\OT1/cmr/m/it/10 in Human-Computer In-ter-ac-tion \OT1/cmr/m/n/10 2013 (2013), 
p. 11
 []


Overfull \hbox (17.40297pt too wide) in paragraph at lines 1037--1037
\OT1/cmr/m/n/10 lates of phys-i-cal ac-tiv-ity: a re-view and meta-analysis".
 []


Overfull \hbox (2.41428pt too wide) in paragraph at lines 1037--1037
\OT1/cmr/m/n/10 In: \OT1/cmr/m/it/10 British jour-nal of sports medicine \OT1/c
mr/m/n/10 40.12 (2006),
 []

[14]
Overfull \hbox (1.82065pt too wide) in paragraph at lines 1037--1037
[]\OT1/cmr/m/n/10 Paul Robi-nette et al. \  Overtrust of robots in emer-
 []


Overfull \hbox (37.142pt too wide) in paragraph at lines 1037--1037
\OT1/cmr/m/n/10 gency evac-u-a-tion sce-nar-ios". In: \OT1/cmr/m/it/10 The Elev
enth ACM/IEEE
 []


Overfull \hbox (1.7896pt too wide) in paragraph at lines 1037--1037
[]\OT1/cmr/m/n/10 Matthias Schneider-Hufschmidt, Uwe Ma-li-nowski,
 []


Overfull \hbox (1.762pt too wide) in paragraph at lines 1037--1037
\OT1/cmr/m/it/10 Prin-ci-ples and prac-tice\OT1/cmr/m/n/10 . El-se-vier Sci-enc
e Inc., 1993
 []


Overfull \hbox (1.52101pt too wide) in paragraph at lines 1037--1037
\OT1/cmr/m/it/10 (Hu-manoids), 2016 IEEE-RAS 16th In-ter-na-tional
 []


Overfull \hbox (12.82072pt too wide) in paragraph at lines 1037--1037
[]\OT1/cmr/m/n/10 Adriana Ta-pus, Cris-tian []^^Uapu^^Xs, and Maja J Mataric.
 []


Overfull \hbox (2.29288pt too wide) in paragraph at lines 1037--1037
[]\OT1/cmr/m/n/10 Konstantinos Tsi-akas et al. \  An In-ter-ac-tive Learn-
 []


Overfull \hbox (6.39748pt too wide) in paragraph at lines 1037--1037
\OT1/cmr/m/n/10 ing and Adap-ta-tion Frame-work for Adap-tive Robot
 []


Overfull \hbox (43.467pt too wide) in paragraph at lines 1037--1037
\OT1/cmr/m/n/10 As-sisted Ther-apy". In: \OT1/cmr/m/it/10 PE-TRA\OT1/cmr/m/n/10
 . 2016. \OT1/cmr/m/sc/10 isbn\OT1/cmr/m/n/10 : 9781450343374.
 []


Overfull \hbox (0.64001pt too wide) in paragraph at lines 1037--1037
\OT1/cmr/m/it/10 na-tional Con-fer-ence on Hu-man Robot In-ter-ac-tion\OT1/cmr/
m/n/10 .
 []


Overfull \hbox (7.08951pt too wide) in paragraph at lines 1037--1037
[]$\OT1/cmtt/m/n/10 http : / / dl . acm . org / citation . cfm ? id = 2906831 .

 []


Overfull \hbox (6.23709pt too wide) in paragraph at lines 1037--1037
\OT1/cmr/m/n/10 in-creases trust in an au-tonomous ve-hi-cle". In: \OT1/cmr/m/i
t/10 Jour-
 []


Overfull \hbox (1.5151pt too wide) in paragraph at lines 1037--1037
[]\OT1/cmr/m/n/10 Bernard L Welch. \  The gen-er-al-iza-tion of-s-tu-dent's'
 []


Overfull \hbox (3.32079pt too wide) in paragraph at lines 1037--1037
[]\OT1/cmr/m/n/10 Frank Wilcoxon. \  In-di-vid-ual com-par-isons by rank-
 []


Overfull \hbox (2.82071pt too wide) in paragraph at lines 1037--1037
[]\OT1/cmr/m/n/10 Huasen Wu and Xin Liu. \  Dou-ble Thomp-son Sam-
 []


Overfull \hbox (4.03609pt too wide) in paragraph at lines 1037--1037
\OT1/cmr/m/it/10 ral In-for-ma-tion Pro-cess-ing Sys-tems\OT1/cmr/m/n/10 . 2016
, pp. 649{
 []


Package glossaries Warning: No \printglossary or \printglossaries found. 
(Remove \makeglossaries if you don't want any glossaries.) 
This document will not have a glossary.

\tf@thm=\write8
\openout8 = `publication.thm'.

Package atveryend Info: Empty hook `BeforeClearDocument' on input line 1042.
[15]
Package atveryend Info: Empty hook `AfterLastShipout' on input line 1042.
 (./publication.aux)
Package atveryend Info: Executing hook `AtVeryEndDocument' on input line 1042.
Package atveryend Info: Executing hook `AtEndAfterFileList' on input line 1042.

Package rerunfilecheck Info: File `publication.out' has not changed.
(rerunfilecheck)             Checksum: E548FC22A6EA593111903174317342F7;402.


LaTeX Font Warning: Size substitutions with differences
(Font)              up to 1.28pt have occurred.


LaTeX Warning: There were undefined references.


LaTeX Warning: There were multiply-defined labels.

Package logreq Info: Writing requests to 'publication.run.xml'.
\openout1 = `publication.run.xml'.

Package atveryend Info: Empty hook `AtVeryVeryEnd' on input line 1042.
 ) 
Here is how much of TeX's memory you used:
 20716 strings out of 492616
 345854 string characters out of 6135177
 889458 words of memory out of 5000000
 24111 multiletter control sequences out of 15000+600000
 12298 words of font info for 44 fonts, out of 8000000 for 9000
 1141 hyphenation exceptions out of 8191
 57i,10n,100p,1997b,1926s stack positions out of 5000i,500n,10000p,200000b,80000s
pdfTeX warning (dest): name{glo:wai} has been referenced but does not exist, 
replaced by a fixed one

pdfTeX warning (dest): name{glo:dts} has been referenced but does not exist, re
placed by a fixed one

pdfTeX warning (dest): name{glo:hra} has been referenced but does not exist, re
placed by a fixed one

pdfTeX warning (dest): name{glo:hci} has been referenced but does not exist, re
placed by a fixed one

pdfTeX warning (dest): name{glo:ldb} has been referenced but does not exist, re
placed by a fixed one

pdfTeX warning (dest): name{glo:hri} has been referenced but does not exist, re
placed by a fixed one

pdfTeX warning (dest): name{glo:sar} has been referenced but does not exist, re
placed by a fixed one

pdfTeX warning (dest): name{glo:loa} has been referenced but does not exist, re
placed by a fixed one

</usr/share/texmf-dist/fonts/type1/public/amsfonts/cm/cmbsy10.pfb></usr/share/t
exmf-dist/fonts/type1/public/amsfonts/cm/cmbx10.pfb></usr/share/texmf-dist/font
s/type1/public/amsfonts/cm/cmbx12.pfb></usr/share/texmf-dist/fonts/type1/public
/amsfonts/cm/cmbx8.pfb></usr/share/texmf-dist/fonts/type1/public/amsfonts/cm/cm
csc10.pfb></usr/share/texmf-dist/fonts/type1/public/amsfonts/cmextra/cmex8.pfb>
</usr/share/texmf-dist/fonts/type1/public/amsfonts/cm/cmmi10.pfb></usr/share/te
xmf-dist/fonts/type1/public/amsfonts/cm/cmmi7.pfb></usr/share/texmf-dist/fonts/
type1/public/amsfonts/cm/cmr10.pfb></usr/share/texmf-dist/fonts/type1/public/am
sfonts/cm/cmr5.pfb></usr/share/texmf-dist/fonts/type1/public/amsfonts/cm/cmr7.p
fb></usr/share/texmf-dist/fonts/type1/public/amsfonts/cm/cmr8.pfb></usr/share/t
exmf-dist/fonts/type1/public/amsfonts/cm/cmsy10.pfb></usr/share/texmf-dist/font
s/type1/public/amsfonts/cm/cmti10.pfb></usr/share/texmf-dist/fonts/type1/public
/amsfonts/cm/cmti8.pfb></usr/share/texmf-dist/fonts/type1/public/amsfonts/cm/cm
tt10.pfb>
Output written on publication.pdf (15 pages, 4819194 bytes).
PDF statistics:
 1849 PDF objects out of 2073 (max. 8388607)
 1375 compressed objects within 14 object streams
 165 named destinations out of 1000 (max. 500000)
 135 words of extra memory for PDF output out of 10000 (max. 10000000)

